Build started 4/7/2012 11:48:31 PM.
     1>Project "C:\Users\Leon\Documents\Dropbox\Public\Catreon\Catreon\Catreon\Catreon.vcxproj" on node 2 (build target(s)).
     1>InitializeBuildStatus:
         Creating "Debug\Catreonproj.unsuccessfulbuild" because "AlwaysCreate" was specified.
       ClCompile:
         c:\Program Files (x86)\Microsoft Visual Studio 10.0\VC\bin\CL.exe /c /I"C:\Users\Leon\Documents\Visual Studio 2010\OgreSDK_vc10_v1-7-4\include" /I"C:\Users\Leon\Documents\Visual Studio 2010\OgreSDK_vc10_v1-7-4\include\OIS" /I"C:\Users\Leon\Documents\Visual Studio 2010\OgreSDK_vc10_v1-7-4\include\OGRE" /I"C:\Users\Leon\Documents\Visual Studio 2010\OgreSDK_vc10_v1-7-4\Samples\Common\include" /I"C:\Users\Leon\Documents\Visual Studio 2010\OgreSDK_vc10_v1-7-4\boost_1_47" /ZI /nologo /W3 /WX- /Od /Oy- /D WIN32 /D _DEBUG /D _WINDOWS /D _MBCS /Gm /EHsc /RTC1 /MDd /GS /fp:precise /Zc:wchar_t /Zc:forScope /Yc"StdAfx.h" /Fp"Debug\Catreonproj.pch" /Fo"Debug\\" /Fd"Debug\vc100.pdb" /Gd /TP /analyze- /errorReport:prompt ..\..\src\Vehicle.cpp ..\..\src\stdafx.cpp
         stdafx.cpp
         Vehicle.cpp
       ManifestResourceCompile:
         All outputs are up-to-date.
       Link:
         c:\Program Files (x86)\Microsoft Visual Studio 10.0\VC\bin\link.exe /ERRORREPORT:PROMPT /OUT:"C:\Users\Leon\Documents\Dropbox\Public\Catreon\Catreon\Debug\Catreonproj.exe" /INCREMENTAL /NOLOGO /LIBPATH:"C:\Users\Leon\Documents\Visual Studio 2010\OgreSDK_vc10_v1-7-4\lib\Debug" /LIBPATH:"C:\Users\Leon\Documents\Visual Studio 2010\OgreSDK_vc10_v1-7-4\boost_1_47\lib" OgreMain_d.lib OIS_d.lib OgrePaging_d.lib OgreProperty_d.lib OgreRTShaderSystem_d.lib OgreTerrain_d.lib kernel32.lib user32.lib gdi32.lib winspool.lib comdlg32.lib advapi32.lib shell32.lib ole32.lib oleaut32.lib uuid.lib odbc32.lib odbccp32.lib /MANIFEST /ManifestFile:"Debug\Catreonproj.exe.intermediate.manifest" /MANIFESTUAC:"level='asInvoker' uiAccess='false'" /DEBUG /PDB:"C:\Users\Leon\Documents\Dropbox\Public\Catreon\Catreon\Debug\Catreonproj.pdb" /SUBSYSTEM:WINDOWS /TLBID:1 /DYNAMICBASE /NXCOMPAT /IMPLIB:"C:\Users\Leon\Documents\Dropbox\Public\Catreon\Catreon\Debug\Catreonproj.lib" /MACHINE:X86 Debug\Catreonproj.exe.embed.manifest.res
         Debug\demo.obj
         Debug\OgreFramework.obj
         Debug\stdafx.obj
         Debug\Vehicle.obj
       Manifest:
         C:\Program Files (x86)\Microsoft SDKs\Windows\v7.0A\bin\mt.exe /nologo /verbose /out:"Debug\Catreonproj.exe.embed.manifest" /manifest Debug\Catreonproj.exe.intermediate.manifest
         All outputs are up-to-date.
       LinkEmbedManifest:
         All outputs are up-to-date.
         Catreon.vcxproj -> C:\Users\Leon\Documents\Dropbox\Public\Catreon\Catreon\Debug\Catreonproj.exe
       PostBuildEvent:
         copy "C:\Users\Leon\Documents\Dropbox\Public\Catreon\Catreon\Debug\\Catreonproj.exe" "C:\Users\Leon\Documents\Visual Studio 2010\OgreSDK_vc10_v1-7-4\Bin\Debug"
         :VCEnd
                 1 file(s) copied.
       FinalizeBuildStatus:
         Deleting file "Debug\Catreonproj.unsuccessfulbuild".
         Touching "Debug\Catreonproj.lastbuildstate".
     1>Done Building Project "C:\Users\Leon\Documents\Dropbox\Public\Catreon\Catreon\Catreon\Catreon.vcxproj" (build target(s)).

Build succeeded.

Time Elapsed 00:00:02.48
